<?xml version="1.0" encoding="UTF-8"?>
<testng-results skipped="0" failed="0" total="1" passed="1">
  <reporter-output>
  </reporter-output>
  <suite name="Default suite" duration-ms="33807" started-at="2017-08-24T07:39:08Z" finished-at="2017-08-24T07:39:42Z">
    <groups>
    </groups>
    <test name="Default test" duration-ms="33807" started-at="2017-08-24T07:39:08Z" finished-at="2017-08-24T07:39:42Z">
      <class name="helloworldjenkins.helloworld1">
        <test-method status="PASS" signature="Hello()[pri:0, instance:helloworldjenkins.helloworld1@68be2bc2]" name="Hello" duration-ms="33772" started-at="2017-08-24T13:09:08Z" finished-at="2017-08-24T13:09:42Z">
          <reporter-output>
          </reporter-output>
        </test-method> <!-- Hello -->
      </class> <!-- helloworldjenkins.helloworld1 -->
    </test> <!-- Default test -->
  </suite> <!-- Default suite -->
</testng-results>
